#
# A fatal error has been detected by the Java Runtime Environment:
#
#  SIGSEGV (0xb) at pc=0x00007f983d6a41fc, pid=53499, tid=53500
#
# JRE version: OpenJDK Runtime Environment (21.0.1+12) (build 21.0.1+12-Ubuntu-222.04)
# Java VM: OpenJDK 64-Bit Server VM (21.0.1+12-Ubuntu-222.04, mixed mode, sharing, tiered, compressed oops, compressed class ptrs, g1 gc, linux-amd64)
# Problematic frame:
# C  [libc.so.6+0xa41fc]
[timeout occurred during error reporting in step "printing problematic frame"] after 30 s.
# Core dump will be written. Default location: Core dumps may be processed with "/usr/share/apport/apport -p%p -s%s -c%c -d%d -P%P -u%u -g%g -- %E" (or dumping to /home/emenopi/Documents/Projects/geometris/assets/core.53499)
#
# If you would like to submit a bug report, please visit:
#   Unknown
# The crash happened outside the Java Virtual Machine in native code.
# See problematic frame for where to report the bug.
#

---------------  S U M M A R Y ------------

Command Line: -Dfile.encoding=UTF-8 -Duser.country=GB -Duser.language=en -Duser.variant com.mygdx.geometris.DesktopLauncher

Host: 12th Gen Intel(R) Core(TM) i5-1245U, 
[timeout occurred during error reporting in step "printing summary machine and OS info"] after 30 s.
Time: Fri Dec 15 13:04:13 2023 GMT elapsed time: 102.593086 seconds (0d 0h 1m 42s)

---------------  T H R E A D  ---------------

Current thread (0x00007f9834019490):  JavaThread "main"             [_thread_in_native, id=53500, stack(0x00007f983bf00000,0x00007f983c000000) (1024K)]

Stack: [0x00007f983bf00000,0x00007f983c000000],  sp=0x00007f983bffe260,  free space=1016k
Native frames: (J=compiled Java code, j=interpreted, Vv=VM code, C=native code)
C  [libc.so.6+0xa41fc]
------ Timeout during error reporting after 120 s. ------
